#
# There is insufficient memory for the Java Runtime Environment to continue.
# Native memory allocation (mmap) failed to map 117440512 bytes. Error detail: G1 virtual space
# Possible reasons:
#   The system is out of physical RAM or swap space
#   This process is running with CompressedOops enabled, and the Java Heap may be blocking the growth of the native heap
# Possible solutions:
#   Reduce memory load on the system
#   Increase physical memory or swap space
#   Check if swap backing store is full
#   Decrease Java heap size (-Xmx/-Xms)
#   Decrease number of Java threads
#   Decrease Java thread stack sizes (-Xss)
#   Set larger code cache with -XX:ReservedCodeCacheSize=
#   JVM is running with Unscaled Compressed Oops mode in which the Java heap is
#     placed in the first 4GB address space. The Java Heap base address is the
#     maximum limit for the native heap growth. Please use -XX:HeapBaseMinAddress
#     to set the Java Heap base and to place the Java Heap above 4GB virtual address.
# This output file may be truncated or incomplete.
#
#  Out of Memory Error (os_windows.cpp:3830), pid=23076, tid=12708
#
# JRE version:  (17.0.14+1) (build )
# Java VM: OpenJDK 64-Bit Server VM (17.0.14+1-b1367.22, mixed mode, emulated-client, sharing, tiered, compressed oops, compressed class ptrs, g1 gc, windows-amd64)
# No core dump will be written. Minidumps are not enabled by default on client versions of Windows
#

---------------  S U M M A R Y ------------

Command Line: -XX:TieredStopAtLevel=1 -Dspring.output.ansi.enabled=always -Dcom.sun.management.jmxremote -Dspring.jmx.enabled=true -Dspring.liveBeansView.mbeanDomain -Dspring.application.admin.enabled=true -Dmanagement.endpoints.jmx.exposure.include=* -javaagent:C:\Users\freir\AppData\Local\JetBrains\IntelliJ IDEA 2024.3.5\lib\idea_rt.jar=62407 -Dfile.encoding=UTF-8 com.meu.estoque.EstoqueApplication

Host: AMD Ryzen 5 3500U with Radeon Vega Mobile Gfx  , 8 cores, 6G,  Windows 11 , 64 bit Build 26100 (10.0.26100.3775)
Time: Sat May  3 15:22:55 2025 Hora oficial do Brasil elapsed time: 1.371380 seconds (0d 0h 0m 1s)

---------------  T H R E A D  ---------------

Current thread (0x0000015926e21fd0):  JavaThread "Unknown thread" [_thread_in_vm, id=12708, stack(0x0000001bdbc00000,0x0000001bdbd00000)]

Stack: [0x0000001bdbc00000,0x0000001bdbd00000]
Native frames: (J=compiled Java code, j=interpreted, Vv=VM code, C=native code)
V  [jvm.dll+0x68b969]  os::platform_print_native_stack+0xd9  (os_windows_x86.cpp:235)
V  [jvm.dll+0x84572a]  VMError::report+0xc6a  (vmError.cpp:868)
V  [jvm.dll+0x8473ae]  VMError::report_and_die+0x78e  (vmError.cpp:1766)
V  [jvm.dll+0x847a13]  VMError::report_and_die+0x43  (vmError.cpp:1552)
V  [jvm.dll+0x24a83f]  report_vm_out_of_memory+0x8f  (debug.cpp:321)
V  [jvm.dll+0x688629]  os::pd_commit_memory_or_exit+0xc9  (os_windows.cpp:3838)
V  [jvm.dll+0x67cf3a]  os::commit_memory_or_exit+0x2a  (os.cpp:1768)
V  [jvm.dll+0x30b83b]  G1PageBasedVirtualSpace::commit+0x19b  (g1PageBasedVirtualSpace.cpp:204)
V  [jvm.dll+0x312d26]  G1RegionsLargerThanCommitSizeMapper::commit_regions+0x96  (g1RegionToSpaceMapper.cpp:100)
V  [jvm.dll+0x3630fe]  HeapRegionManager::expand_any+0xee  (heapRegionManager.cpp:363)
V  [jvm.dll+0x36333f]  HeapRegionManager::expand_by+0x7f  (heapRegionManager.cpp:380)
V  [jvm.dll+0x2e18cc]  G1CollectedHeap::expand+0xbc  (g1CollectedHeap.cpp:1292)
V  [jvm.dll+0x2e2824]  G1CollectedHeap::initialize+0x664  (g1CollectedHeap.cpp:1713)
V  [jvm.dll+0x815ffb]  universe_init+0xbb  (universe.cpp:737)
V  [jvm.dll+0x370e88]  init_globals+0x48  (init.cpp:131)
V  [jvm.dll+0x7f4875]  Threads::create_vm+0x5e5  (thread.cpp:2909)
V  [jvm.dll+0x3f54ef]  JNI_CreateJavaVM_inner+0x8f  (jni.cpp:3654)
V  [jvm.dll+0x3f70c1]  JNI_CreateJavaVM+0x11  (jni.cpp:3746)
C  [jli.dll+0x52ab]  JavaMain+0x113  (java.c:413)
C  [ucrtbase.dll+0x37b0]
C  [KERNEL32.DLL+0x2e8d7]
C  [ntdll.dll+0xb14fc]


---------------  P R O C E S S  ---------------

Threads class SMR info:
_java_thread_list=0x00007fff2c9f9018, length=0, elements={
}

Java Threads: ( => current thread )

Other Threads:
  0x0000015926e753f0 GCTaskThread "GC Thread#0" [stack: 0x0000001bdbd00000,0x0000001bdbe00000] [id=10076]
  0x0000015926e84140 ConcurrentGCThread "G1 Main Marker" [stack: 0x0000001bdbe00000,0x0000001bdbf00000] [id=15016]
  0x0000015926e866e0 ConcurrentGCThread "G1 Conc#0" [stack: 0x0000001bdbf00000,0x0000001bdc000000] [id=11912]

[error occurred during error reporting (printing all threads), id 0xc0000005, EXCEPTION_ACCESS_VIOLATION (0xc0000005) at pc=0x00007fff2c1a2197]

VM state: not at safepoint (not fully initialized)

VM Mutex/Monitor currently owned by a thread:  ([mutex/lock_event])
[0x0000015926e1d440] Heap_lock - owner thread: 0x0000015926e21fd0

Heap address: 0x0000000091000000, size: 1776 MB, Compressed Oops mode: 32-bit

CDS archive(s) mapped at: [0x0000000000000000-0x0000000000000000-0x0000000000000000), size 0, SharedBaseAddress: 0x0000000800000000, ArchiveRelocationMode: 1.
Narrow klass base: 0x0000000000000000, Narrow klass shift: 0, Narrow klass range: 0x0

GC Precious Log:
<Empty>

Heap:
 garbage-first heap   total 0K, used 0K [0x0000000091000000, 0x0000000100000000)
  region size 1024K, 0 young (0K), 0 survivors (0K)
 Metaspace       used 0K, committed 0K, reserved 0K
  class space    used 0K, committed 0K, reserved 0K

Heap Regions: E=young(eden), S=young(survivor), O=old, HS=humongous(starts), HC=humongous(continues), CS=collection set, F=free, OA=open archive, CA=closed archive, TAMS=top-at-mark-start (previous, next)

Card table byte_map: [0x000001592e250000,0x000001592e5d0000] _byte_map_base: 0x000001592ddc8000

Marking Bits (Prev, Next): (CMBitMap*) 0x0000015926e75a10, (CMBitMap*) 0x0000015926e75a50
 Prev Bits: [0x000001592e950000, 0x0000015930510000)
 Next Bits: [0x0000015930510000, 0x00000159320d0000)

GC Heap History (0 events):
No events

Dll operation events (1 events):
Event: 0.032 Loaded shared library C:\Users\freir\.jdks\jbr-17.0.14\bin\java.dll

Deoptimization events (0 events):
No events

Classes loaded (0 events):
No events

Classes unloaded (0 events):
No events

Classes redefined (0 events):
No events

Internal exceptions (0 events):
No events

VM Operations (0 events):
No events

Memory protections (0 events):
No events

Nmethod flushes (0 events):
No events

Events (0 events):
No events


Dynamic libraries:
0x00007ff7be450000 - 0x00007ff7be45a000 	C:\Users\freir\.jdks\jbr-17.0.14\bin\java.exe
0x00007fff96540000 - 0x00007fff967a0000 	C:\WINDOWS\SYSTEM32\ntdll.dll
0x00007fff95500000 - 0x00007fff955c7000 	C:\WINDOWS\System32\KERNEL32.DLL
0x00007fff93d70000 - 0x00007fff9413a000 	C:\WINDOWS\System32\KERNELBASE.dll
0x00007fff93b50000 - 0x00007fff93c9b000 	C:\WINDOWS\System32\ucrtbase.dll
0x00007fff6f150000 - 0x00007fff6f16b000 	C:\Users\freir\.jdks\jbr-17.0.14\bin\VCRUNTIME140.dll
0x00007fff71760000 - 0x00007fff71777000 	C:\Users\freir\.jdks\jbr-17.0.14\bin\jli.dll
0x00007fff94550000 - 0x00007fff9471c000 	C:\WINDOWS\System32\USER32.dll
0x00007fff93ca0000 - 0x00007fff93cc7000 	C:\WINDOWS\System32\win32u.dll
0x00007fff81be0000 - 0x00007fff81e77000 	C:\WINDOWS\WinSxS\amd64_microsoft.windows.common-controls_6595b64144ccf1df_6.0.26100.3624_none_3e086962e3345f24\COMCTL32.dll
0x00007fff953d0000 - 0x00007fff953fa000 	C:\WINDOWS\System32\GDI32.dll
0x00007fff96330000 - 0x00007fff963d9000 	C:\WINDOWS\System32\msvcrt.dll
0x00007fff937d0000 - 0x00007fff93901000 	C:\WINDOWS\System32\gdi32full.dll
0x00007fff93720000 - 0x00007fff937c3000 	C:\WINDOWS\System32\msvcp_win.dll
0x00007fff958e0000 - 0x00007fff9590f000 	C:\WINDOWS\System32\IMM32.DLL
0x00007fff7a710000 - 0x00007fff7a71c000 	C:\Users\freir\.jdks\jbr-17.0.14\bin\vcruntime140_1.dll
0x00007fff64840000 - 0x00007fff648cd000 	C:\Users\freir\.jdks\jbr-17.0.14\bin\msvcp140.dll
0x00007fff2beb0000 - 0x00007fff2cb3e000 	C:\Users\freir\.jdks\jbr-17.0.14\bin\server\jvm.dll
0x00007fff95940000 - 0x00007fff959f2000 	C:\WINDOWS\System32\ADVAPI32.dll
0x00007fff944a0000 - 0x00007fff94546000 	C:\WINDOWS\System32\sechost.dll
0x00007fff95740000 - 0x00007fff95856000 	C:\WINDOWS\System32\RPCRT4.dll
0x00007fff95860000 - 0x00007fff958d4000 	C:\WINDOWS\System32\WS2_32.dll
0x00007fff8abf0000 - 0x00007fff8abfb000 	C:\WINDOWS\SYSTEM32\VERSION.dll
0x00007fff8abb0000 - 0x00007fff8abe6000 	C:\WINDOWS\SYSTEM32\WINMM.dll
0x00007fff93570000 - 0x00007fff935ce000 	C:\WINDOWS\SYSTEM32\POWRPROF.dll
0x00007fff93550000 - 0x00007fff93564000 	C:\WINDOWS\SYSTEM32\UMPDC.dll
0x00007fff92530000 - 0x00007fff9254a000 	C:\WINDOWS\SYSTEM32\kernel.appcore.dll
0x00007fff78650000 - 0x00007fff7865a000 	C:\Users\freir\.jdks\jbr-17.0.14\bin\jimage.dll
0x00007fff90bb0000 - 0x00007fff90df1000 	C:\WINDOWS\SYSTEM32\DBGHELP.DLL
0x00007fff94720000 - 0x00007fff94aa2000 	C:\WINDOWS\System32\combase.dll
0x00007fff963f0000 - 0x00007fff964c6000 	C:\WINDOWS\System32\OLEAUT32.dll
0x00007fff7d660000 - 0x00007fff7d699000 	C:\WINDOWS\SYSTEM32\dbgcore.DLL
0x00007fff93cd0000 - 0x00007fff93d69000 	C:\WINDOWS\System32\bcryptPrimitives.dll
0x00007fff83940000 - 0x00007fff8394e000 	C:\Users\freir\.jdks\jbr-17.0.14\bin\instrument.dll
0x00007fff6cee0000 - 0x00007fff6cf05000 	C:\Users\freir\.jdks\jbr-17.0.14\bin\java.dll

dbghelp: loaded successfully - version: 4.0.5 - missing functions: none
symbol engine: initialized successfully - sym options: 0x614 - pdb path: .;C:\Users\freir\.jdks\jbr-17.0.14\bin;C:\WINDOWS\SYSTEM32;C:\WINDOWS\WinSxS\amd64_microsoft.windows.common-controls_6595b64144ccf1df_6.0.26100.3624_none_3e086962e3345f24;C:\Users\freir\.jdks\jbr-17.0.14\bin\server

VM Arguments:
jvm_args: -XX:TieredStopAtLevel=1 -Dspring.output.ansi.enabled=always -Dcom.sun.management.jmxremote -Dspring.jmx.enabled=true -Dspring.liveBeansView.mbeanDomain -Dspring.application.admin.enabled=true -Dmanagement.endpoints.jmx.exposure.include=* -javaagent:C:\Users\freir\AppData\Local\JetBrains\IntelliJ IDEA 2024.3.5\lib\idea_rt.jar=62407 -Dfile.encoding=UTF-8 
java_command: com.meu.estoque.EstoqueApplication
java_class_path (initial): D:\estoque\estoque\target\classes;C:\Users\freir\.m2\repository\org\springframework\boot\spring-boot-starter-actuator\3.4.4\spring-boot-starter-actuator-3.4.4.jar;C:\Users\freir\.m2\repository\org\springframework\boot\spring-boot-starter\3.4.4\spring-boot-starter-3.4.4.jar;C:\Users\freir\.m2\repository\org\springframework\boot\spring-boot-starter-logging\3.4.4\spring-boot-starter-logging-3.4.4.jar;C:\Users\freir\.m2\repository\ch\qos\logback\logback-classic\1.5.18\logback-classic-1.5.18.jar;C:\Users\freir\.m2\repository\ch\qos\logback\logback-core\1.5.18\logback-core-1.5.18.jar;C:\Users\freir\.m2\repository\org\apache\logging\log4j\log4j-to-slf4j\2.24.3\log4j-to-slf4j-2.24.3.jar;C:\Users\freir\.m2\repository\org\apache\logging\log4j\log4j-api\2.24.3\log4j-api-2.24.3.jar;C:\Users\freir\.m2\repository\org\slf4j\jul-to-slf4j\2.0.17\jul-to-slf4j-2.0.17.jar;C:\Users\freir\.m2\repository\jakarta\annotation\jakarta.annotation-api\2.1.1\jakarta.annotation-api-2.1.1.jar;C:\Users\freir\.m2\repository\org\yaml\snakeyaml\2.3\snakeyaml-2.3.jar;C:\Users\freir\.m2\repository\org\springframework\boot\spring-boot-actuator-autoconfigure\3.4.4\spring-boot-actuator-autoconfigure-3.4.4.jar;C:\Users\freir\.m2\repository\org\springframework\boot\spring-boot-actuator\3.4.4\spring-boot-actuator-3.4.4.jar;C:\Users\freir\.m2\repository\com\fasterxml\jackson\core\jackson-databind\2.18.3\jackson-databind-2.18.3.jar;C:\Users\freir\.m2\repository\com\fasterxml\jackson\core\jackson-annotations\2.18.3\jackson-annotations-2.18.3.jar;C:\Users\freir\.m2\repository\com\fasterxml\jackson\core\jackson-core\2.18.3\jackson-core-2.18.3.jar;C:\Users\freir\.m2\repository\com\fasterxml\jackson\datatype\jackson-datatype-jsr310\2.18.3\jackson-datatype-jsr310-2.18.3.jar;C:\Users\freir\.m2\repository\io\micrometer\micrometer-observation\1.14.5\micrometer-observation-1.14.5.jar;C:\Users\freir\.m2\repository\io\micrometer\micrometer-commons\1.14.5\micrometer-commons-1.14.5.jar;C:\Users\f
Launcher Type: SUN_STANDARD

[Global flags]
     intx CICompilerCount                          = 4                                         {product} {ergonomic}
     uint ConcGCThreads                            = 2                                         {product} {ergonomic}
     uint G1ConcRefinementThreads                  = 8                                         {product} {ergonomic}
   size_t G1HeapRegionSize                         = 1048576                                   {product} {ergonomic}
    uintx GCDrainStackTargetSize                   = 64                                        {product} {ergonomic}
   size_t InitialHeapSize                          = 117440512                                 {product} {ergonomic}
     bool ManagementServer                         = true                                      {product} {command line}
   size_t MarkStackSize                            = 4194304                                   {product} {ergonomic}
   size_t MaxHeapSize                              = 1862270976                                {product} {ergonomic}
   size_t MinHeapDeltaBytes                        = 1048576                                   {product} {ergonomic}
   size_t MinHeapSize                              = 8388608                                   {product} {ergonomic}
    uintx NonProfiledCodeHeapSize                  = 0                                      {pd product} {ergonomic}
     bool ProfileInterpreter                       = false                                  {pd product} {command line}
    uintx ProfiledCodeHeapSize                     = 0                                      {pd product} {ergonomic}
   size_t SoftMaxHeapSize                          = 1862270976                             {manageable} {ergonomic}
     intx TieredStopAtLevel                        = 1                                         {product} {command line}
     bool UseCompressedClassPointers               = true                           {product lp64_product} {ergonomic}
     bool UseCompressedOops                        = true                           {product lp64_product} {ergonomic}
     bool UseG1GC                                  = true                                      {product} {ergonomic}
     bool UseLargePagesIndividualAllocation        = false                                  {pd product} {ergonomic}

Logging:
Log output configuration:
 #0: stdout all=warning uptime,level,tags
 #1: stderr all=off uptime,level,tags

Environment Variables:
JAVA_HOME=C:\Program Files\Eclipse Adoptium\jdk-17.0.15.6-hotspot
PATH=C:\Program Files\Eclipse Adoptium\jdk-17.0.15.6-hotspot\bin;C:\WINDOWS\system32;C:\WINDOWS;C:\WINDOWS\System32\Wbem;C:\WINDOWS\System32\WindowsPowerShell\v1.0\;C:\WINDOWS\System32\OpenSSH\;C:\Program Files\Git\cmd;C:\Program Files\Docker\Docker\resources\bin;C:\Users\freir\Downloads\apache-maven-3.9.9-bin\apache-maven-3.9.9\bin;C:\Program Files\Eclipse Adoptium\jdk-17.0.15.6-hotspot\bin;C:\Users\freir\AppData\Local\Microsoft\WindowsApps;
USERNAME=freir
OS=Windows_NT
PROCESSOR_IDENTIFIER=AMD64 Family 23 Model 24 Stepping 1, AuthenticAMD
TMP=C:\Users\freir\AppData\Local\Temp
TEMP=C:\Users\freir\AppData\Local\Temp



Periodic native trim disabled

JNI global refs:
JNI global refs: 0, weak refs: 0

JNI global refs memory usage: 0, weak refs: 0

Process memory usage:
Resident Set Size: 51652K (0% of 7274124K total physical memory with 542292K free physical memory)

OOME stack traces (most recent first):
Classloader memory used:


---------------  S Y S T E M  ---------------

OS:
 Windows 11 , 64 bit Build 26100 (10.0.26100.3775)
OS uptime: 11 days 14:45 hours
Hyper-V role detected

CPU: total 8 (initial active 8) (8 cores per cpu, 2 threads per core) family 23 model 24 stepping 1 microcode 0x8108109, cx8, cmov, fxsr, ht, mmx, 3dnowpref, sse, sse2, sse3, ssse3, sse4a, sse4.1, sse4.2, popcnt, lzcnt, tsc, tscinvbit, avx, avx2, aes, clmul, bmi1, bmi2, adx, sha, fma, vzeroupper, clflush, clflushopt, hv
Processor Information for all 8 processors :
  Max Mhz: 2100, Current Mhz: 2100, Mhz Limit: 2100

Memory: 4k page, system-wide physical 7103M (529M free)
TotalPageFile size 17343M (AvailPageFile size 26M)
current process WorkingSet (physical memory assigned to process): 50M, peak: 50M
current process commit charge ("private bytes"): 93M, peak: 167M

vm_info: OpenJDK 64-Bit Server VM (17.0.14+1-b1367.22) for windows-amd64 JRE (17.0.14+1-b1367.22), built on 2025-01-30 by "builduser" with MS VC++ 16.10 / 16.11 (VS2019)

END.
